2020-02-14 19:52: 
Starts image.service:
2020-02-14 19:52: [37m
Hello! I'm[39m [37mimage.responder[39m[90m#[39m[90m6e9ab303-176e-41e6-a740-eb0f9e9d84df[39m on [34m8000[39m [37m
========================
[39m
2020-02-14 19:52: 
Starts image.service:
2020-02-14 19:52: [37m
Hello! I'm[39m [37mimage.responder[39m[90m#[39m[90m540018bb-6d69-48d8-b36d-d88015d7b33b[39m on [34m8000[39m [37m
========================
[39m
2020-02-14 19:52: 
Starts image.service:
2020-02-14 19:52: [37m
Hello! I'm[39m [37mimage.responder[39m[90m#[39m[90mad3a46a6-5f7f-4e97-ba4f-011d500f1186[39m on [34m8000[39m [37m
========================
[39m
2020-02-14 19:53: 
Starts image.service:
2020-02-14 19:53: [37m
Hello! I'm[39m [37mimage.responder[39m[90m#[39m[90m0217dbb1-0241-492e-8281-30c33d2f5517[39m on [34m8000[39m [37m
========================
[39m
2020-02-14 19:53: 
Starts image.service:
2020-02-14 19:53: [37m
Hello! I'm[39m [37mimage.responder[39m[90m#[39m[90mae34aca6-4100-4766-a28e-937e99da5b83[39m on [34m8000[39m [37m
========================
[39m
2020-02-14 19:54: 
Starts image.service:
2020-02-14 19:54: [37m
Hello! I'm[39m [37mimage.responder[39m[90m#[39m[90m0df48709-d532-429b-83a3-edd39b79e17b[39m on [34m8000[39m [37m
========================
[39m
2020-02-14 19:54: 
Starts image.service:
2020-02-14 19:54: [37m
Hello! I'm[39m [37mimage.responder[39m[90m#[39m[90m9120e396-8221-4924-a263-6ef154578a6f[39m on [34m8000[39m [37m
========================
[39m
2020-02-14 19:54: 
Starts image.service:
2020-02-14 19:54: [37m
Hello! I'm[39m [37mimage.responder[39m[90m#[39m[90ma017b3f3-6883-4331-b691-d1f853d51ea2[39m on [34m8000[39m [37m
========================
[39m
2020-02-14 19:58: 
Starts image.service:
2020-02-14 19:58: [37m
Hello! I'm[39m [37mimage.responder[39m[90m#[39m[90m3e5dc666-99c5-4625-8163-e449826ba55b[39m on [34m8000[39m [37m
========================
[39m
2020-02-14 19:58: 
Starts image.service:
2020-02-14 19:58: [37m
Hello! I'm[39m [37mimage.responder[39m[90m#[39m[90m87370627-fb89-464c-95ca-3b79d261aa32[39m on [34m8000[39m [37m
========================
[39m
2020-02-14 19:58: 
Starts image.service:
2020-02-14 19:58: [37m
Hello! I'm[39m [37mimage.responder[39m[90m#[39m[90m7b59e5d4-679c-4f25-bbc3-98f537d89e65[39m on [34m8000[39m [37m
========================
[39m
2020-02-14 19:58: 
Starts image.service:
2020-02-14 19:58: [37m
Hello! I'm[39m [37mimage.responder[39m[90m#[39m[90m67677d9b-83a4-445c-ae6a-f4cbc90642a8[39m on [34m8000[39m [37m
========================
[39m
2020-02-14 19:58: 
Starts image.service:
2020-02-14 19:58: [37m
Hello! I'm[39m [37mimage.responder[39m[90m#[39m[90ma9a3e873-dd57-4a15-a87b-1296a555d4de[39m on [34m8000[39m [37m
========================
[39m
2020-02-14 19:59: 
Starts image.service:
2020-02-14 19:59: [37m
Hello! I'm[39m [37mimage.responder[39m[90m#[39m[90m08f25b2e-e395-4d27-afa1-89cc951024c0[39m on [34m8000[39m [37m
========================
[39m
2020-02-14 19:59: 
Starts image.service:
2020-02-14 19:59: [37m
Hello! I'm[39m [37mimage.responder[39m[90m#[39m[90m66d51330-0ebd-412e-8ef8-ff2b12409717[39m on [34m8000[39m [37m
========================
[39m
2020-02-14 20:01: 
Starts image.service:
2020-02-14 20:01: [37m
Hello! I'm[39m [37mimage.responder[39m[90m#[39m[90m8c6218a6-35be-4607-ba84-0adfe877e9b5[39m on [34m8000[39m [37m
========================
[39m
2020-02-14 20:01: 
Starts image.service:
2020-02-14 20:01: [37m
Hello! I'm[39m [37mimage.responder[39m[90m#[39m[90mfe1b30a6-add2-4e58-9533-2988276e35f4[39m on [34m8000[39m [37m
========================
[39m
2020-02-14 20:01: 
Starts image.service:
2020-02-14 20:01: [37m
Hello! I'm[39m [37mimage.responder[39m[90m#[39m[90mddc0c067-1045-4433-b3e4-202b857d7e03[39m on [34m8000[39m [37m
========================
[39m
2020-02-14 20:02: 
Starts image.service:
2020-02-14 20:02: [37m
Hello! I'm[39m [37mimage.responder[39m[90m#[39m[90m4797008c-37ac-4285-bfe3-8abdcfd2fd10[39m on [34m8000[39m [37m
========================
[39m
2020-02-14 20:02: 
Starts image.service:
2020-02-14 20:02: [37m
Hello! I'm[39m [37mimage.responder[39m[90m#[39m[90m04da8a84-8ce3-4739-85bd-17770742f442[39m on [34m8000[39m [37m
========================
[39m
