2020-02-06 11:51: [37m
Hello! I'm[39m [37mimage.responder[39m[90m#[39m[90m990b9da7-5fe7-4b2b-bc32-0d07b584bf55[39m on [34m8000[39m [37m
========================
[39m
2020-02-06 11:51: [37m
Hello! I'm[39m [37mimage.responder[39m[90m#[39m[90m546c7178-0600-4273-9c30-5dc639b6fd0b[39m on [34m8000[39m [37m
========================
[39m
2020-02-06 11:51: [37m
Hello! I'm[39m [37mimage.responder[39m[90m#[39m[90m2a6a844e-5deb-45f7-b41f-36b33d00b4b9[39m on [34m8000[39m [37m
========================
[39m
2020-02-06 11:52: [37m
Hello! I'm[39m [37mimage.responder[39m[90m#[39m[90m3ccb1325-8a17-4506-98d3-5e39f2682387[39m on [34m8000[39m [37m
========================
[39m
2020-02-06 11:52: [37m
Hello! I'm[39m [37mimage.responder[39m[90m#[39m[90m56c2adc6-8f2a-4739-b83c-117eefbafa7d[39m on [34m8000[39m [37m
========================
[39m
2020-02-06 11:52: [37m
Hello! I'm[39m [37mimage.responder[39m[90m#[39m[90md0f6b5be-204b-4806-877c-cd51bfb8451c[39m on [34m8000[39m [37m
========================
[39m
2020-02-06 11:52: [37m
Hello! I'm[39m [37mimage.responder[39m[90m#[39m[90m98c30e7c-3bc1-4ef7-9d0b-d747b71cfd4e[39m on [34m8000[39m [37m
========================
[39m
2020-02-06 11:53: [37m
Hello! I'm[39m [37mimage.responder[39m[90m#[39m[90mbd45f700-415c-47e6-848e-1b241119f82a[39m on [34m8000[39m [37m
========================
[39m
2020-02-06 11:57: [37m
Hello! I'm[39m [37mimage.responder[39m[90m#[39m[90m97883319-0616-4b7a-af57-7a9e1adffb13[39m on [34m8000[39m [37m
========================
[39m
2020-02-06 11:58: [37m
Hello! I'm[39m [37mimage.responder[39m[90m#[39m[90mf1745ed7-94f6-4119-8aef-5abf28265580[39m on [34m8000[39m [37m
========================
[39m
2020-02-06 11:58: [37m
Hello! I'm[39m [37mimage.responder[39m[90m#[39m[90mce3ca492-d813-4bb6-b538-a8aaa7113637[39m on [34m8000[39m [37m
========================
[39m
2020-02-06 11:59: [37m
Hello! I'm[39m [37mimage.responder[39m[90m#[39m[90mf24677d4-5d81-47fa-88c2-dba2ebd62103[39m on [34m8000[39m [37m
========================
[39m
2020-02-06 11:59: [37m
Hello! I'm[39m [37mimage.responder[39m[90m#[39m[90m9bc9a9a8-7f23-4cd8-a033-9371a6407791[39m on [34m8000[39m [37m
========================
[39m
2020-02-06 12:00: [37m
Hello! I'm[39m [37mimage.responder[39m[90m#[39m[90m8a52b84d-8517-4c1f-8834-2be495b6f2c6[39m on [34m8000[39m [37m
========================
[39m
2020-02-06 12:00: [37m
Hello! I'm[39m [37mimage.responder[39m[90m#[39m[90mdc714943-848a-42c2-ad65-035bb493de6a[39m on [34m8000[39m [37m
========================
[39m
2020-02-06 12:00: [37m
Hello! I'm[39m [37mimage.responder[39m[90m#[39m[90m2838dd2f-7ad0-4917-b1c8-4cc2222ef513[39m on [34m8000[39m [37m
========================
[39m
2020-02-06 12:00: [37m
Hello! I'm[39m [37mimage.responder[39m[90m#[39m[90mf952d4f3-8099-4e2c-817f-2a193168e2c3[39m on [34m8000[39m [37m
========================
[39m
2020-02-06 12:00: [37m
Hello! I'm[39m [37mimage.responder[39m[90m#[39m[90m44b86ef6-76ba-41cd-bf6f-1dd33d6e1e23[39m on [34m8000[39m [37m
========================
[39m
2020-02-06 12:00: [37m
Hello! I'm[39m [37mimage.responder[39m[90m#[39m[90m7f6a1d8e-ea80-4c25-84fd-bad0c3446a19[39m on [34m8000[39m [37m
========================
[39m
2020-02-06 12:01: [37m
Hello! I'm[39m [37mimage.responder[39m[90m#[39m[90mb820c63e-21c2-4aab-bab6-7105a513ebcd[39m on [34m8000[39m [37m
========================
[39m
2020-02-06 12:01: [37m
Hello! I'm[39m [37mimage.responder[39m[90m#[39m[90md4e8ff3d-c610-44d3-a5a8-1843888ad7d8[39m on [34m8000[39m [37m
========================
[39m
2020-02-06 12:02: [37m
Hello! I'm[39m [37mimage.responder[39m[90m#[39m[90ma3d1d23b-63fc-4326-89d9-12e3fe07a3b1[39m on [34m8000[39m [37m
========================
[39m
2020-02-06 12:12: [37m
Hello! I'm[39m [37mimage.responder[39m[90m#[39m[90md2663c82-aefd-4509-8ba0-fda52c0807f9[39m on [34m8000[39m [37m
========================
[39m
2020-02-06 12:15: [37m
Hello! I'm[39m [37mimage.responder[39m[90m#[39m[90m9d7d30df-0a0c-4be3-b8a8-d005343d86a1[39m on [34m8000[39m [37m
========================
[39m
